This file contains any messages produced by compilers while
running configure, to aid debugging if configure makes a mistake.

configure:623: checking for ar
configure:655: checking for ranlib
configure:710: checking host system type
configure:731: checking target system type
configure:749: checking build system type
configure:799: checking for gcc
configure:876: checking whether the C compiler (cc  ) works
configure:890: cc -o conftest    conftest.c  1>&5
configure:910: checking whether the C compiler (cc  ) is a cross-compiler
configure:915: checking whether we are using GNU C
configure:924: cc -E conftest.c
configure:1003: checking for a BSD compatible install
configure:1184: checking how to run the C preprocessor
configure:1205: cc -E  conftest.c >/dev/null 2>conftest.out
configure:1245: checking for ANSI C header files
configure:1258: cc -E  conftest.c >/dev/null 2>conftest.out
configure:1325: cc -o conftest -xO5 -native -dalign   conftest.c  1>&5
cc: Warning illegal option -xO5
configure:1351: checking for sys/wait.h that is POSIX.1 compatible
configure:1372: cc -c -xO5 -native -dalign  conftest.c 1>&5
cc: Warning illegal option -xO5
configure:1398: checking for sys/file.h
configure:1408: cc -E  conftest.c >/dev/null 2>conftest.out
configure:1398: checking for sys/stat.h
configure:1408: cc -E  conftest.c >/dev/null 2>conftest.out
configure:1398: checking for unistd.h
configure:1408: cc -E  conftest.c >/dev/null 2>conftest.out
configure:1398: checking for errno.h
configure:1408: cc -E  conftest.c >/dev/null 2>conftest.out
configure:1398: checking for assert.h
configure:1408: cc -E  conftest.c >/dev/null 2>conftest.out
configure:1398: checking for sys/wait.h
configure:1398: checking for pwd.h
configure:1408: cc -E  conftest.c >/dev/null 2>conftest.out
configure:1398: checking for sys/types.h
configure:1408: cc -E  conftest.c >/dev/null 2>conftest.out
configure:1398: checking for sys/times.h
configure:1408: cc -E  conftest.c >/dev/null 2>conftest.out
configure:1398: checking for sys/time.h
configure:1408: cc -E  conftest.c >/dev/null 2>conftest.out
configure:1398: checking for sys/resource.h
configure:1408: cc -E  conftest.c >/dev/null 2>conftest.out
configure:1445: checking for stdarg.h
configure:1455: cc -E  conftest.c >/dev/null 2>conftest.out
configure:1445: checking for varargs.h
configure:1455: cc -E  conftest.c >/dev/null 2>conftest.out
configure:1489: checking for working const
configure:1543: cc -c -xO5 -native -dalign  conftest.c 1>&5
cc: Warning illegal option -xO5
configure:1568: checking size of void *
configure:1587: cc -o conftest -xO5 -native -dalign   conftest.c  1>&5
cc: Warning illegal option -xO5
configure:1608: checking size of int
configure:1627: cc -o conftest -xO5 -native -dalign   conftest.c  1>&5
cc: Warning illegal option -xO5
configure:1650: checking for +Infinity (IEEE 754 floating point)
configure:1669: cc -o conftest -xO5 -native -dalign   conftest.c  1>&5
cc: Warning illegal option -xO5
configure:1701: checking the size of the virtual memory system's page
configure:1726: cc -o conftest -xO5 -native -dalign   conftest.c  1>&5
cc: Warning illegal option -xO5
configure:1797: checking for 8-bit clean memcmp
configure:1815: cc -o conftest -xO5 -native -dalign   conftest.c  1>&5
cc: Warning illegal option -xO5
"configure", line 1809: warning: initializer does not fit: 128
"configure", line 1809: warning: initializer does not fit: 129
configure:1836: checking return type of signal handlers
configure:1858: cc -c -xO5 -native -dalign  conftest.c 1>&5
cc: Warning illegal option -xO5
configure:1879: checking for working strcoll
configure:1897: cc -o conftest -xO5 -native -dalign   conftest.c  1>&5
cc: Warning illegal option -xO5
configure:1923: checking for pid_t
configure:1957: checking for vfork.h
configure:1967: cc -E  conftest.c >/dev/null 2>conftest.out
"configure", line 1963: cannot find include file: <vfork.h>
cc: acomp failed for conftest.c
configure: failed program was:
#line 1962 "configure"
#include "confdefs.h"
#include <vfork.h>
configure:1992: checking for working vfork
configure:2142: cc -o conftest -xO5 -native -dalign   conftest.c  1>&5
cc: Warning illegal option -xO5
configure:2169: checking for sysconf
configure:2197: cc -o conftest -xO5 -native -dalign   conftest.c  1>&5
cc: Warning illegal option -xO5
configure:2169: checking for gethostname
configure:2197: cc -o conftest -xO5 -native -dalign   conftest.c  1>&5
cc: Warning illegal option -xO5
configure:2169: checking for strcspn
configure:2197: cc -o conftest -xO5 -native -dalign   conftest.c  1>&5
cc: Warning illegal option -xO5
configure:2169: checking for strerror
configure:2197: cc -o conftest -xO5 -native -dalign   conftest.c  1>&5
cc: Warning illegal option -xO5
configure:2169: checking for strspn
configure:2197: cc -o conftest -xO5 -native -dalign   conftest.c  1>&5
cc: Warning illegal option -xO5
configure:2169: checking for strstr
configure:2197: cc -o conftest -xO5 -native -dalign   conftest.c  1>&5
cc: Warning illegal option -xO5
configure:2169: checking for getenv
configure:2197: cc -o conftest -xO5 -native -dalign   conftest.c  1>&5
cc: Warning illegal option -xO5
configure:2169: checking for strchr
configure:2197: cc -o conftest -xO5 -native -dalign   conftest.c  1>&5
cc: Warning illegal option -xO5
configure:2169: checking for getrlimit
configure:2197: cc -o conftest -xO5 -native -dalign   conftest.c  1>&5
cc: Warning illegal option -xO5
configure:2169: checking for getrusage
configure:2197: cc -o conftest -xO5 -native -dalign   conftest.c  1>&5
cc: Warning illegal option -xO5
configure:2169: checking for valloc
configure:2197: cc -o conftest -xO5 -native -dalign   conftest.c  1>&5
cc: Warning illegal option -xO5
